<?xml version="1.0" encoding="UTF-8"?>
<!-- Generated by org.testng.reporters.JUnitXMLReporter -->
<testsuite hostname="KRISHNA-PC" name="Test" tests="3" failures="0" timestamp="13 Sep 2017 12:27:19 GMT" time="0.085" errors="0">
  <testcase name="Testcase2" time="0.032" classname="Selenium_Package.TestNG1.TestNGtestcase2"/>
  <testcase name="Testcase3" time="0.002" classname="Selenium_Package.TestNG1.TestNGtestcase3"/>
  <testcase name="Testcase1" time="0.003" classname="Selenium_Package.TestNG1.TestNGtestcase1"/>
</testsuite> <!-- Test -->
